Performing C++ SOURCE FILE Test CXX_COMPILER_SUPPORTS__Wundefined_reinterpret_cast failed with the following output:
Change Dir: /scratch/gnawali/Try/gspc-res/build_dir/CMakeFiles/CMakeScratch/TryCompile-ZayNB9

Run Build Command(s):/usr/bin/gmake -f Makefile cmTC_9d59a/fast && /usr/bin/gmake  -f CMakeFiles/cmTC_9d59a.dir/build.make CMakeFiles/cmTC_9d59a.dir/build
gmake[1]: Entering directory '/scratch/gnawali/Try/gspc-res/build_dir/CMakeFiles/CMakeScratch/TryCompile-ZayNB9'
Building CXX object CMakeFiles/cmTC_9d59a.dir/src.cxx.o
/usr/bin/c++ -DCXX_COMPILER_SUPPORTS__Wundefined_reinterpret_cast  -Wall -Wextra -Werror    -Wundefined-reinterpret-cast -std=gnu++17 -o CMakeFiles/cmTC_9d59a.dir/src.cxx.o -c /scratch/gnawali/Try/gspc-res/build_dir/CMakeFiles/CMakeScratch/TryCompile-ZayNB9/src.cxx
c++: error: unrecognized command-line option '-Wundefined-reinterpret-cast'
gmake[1]: *** [CMakeFiles/cmTC_9d59a.dir/build.make:78: CMakeFiles/cmTC_9d59a.dir/src.cxx.o] Error 1
gmake[1]: Leaving directory '/scratch/gnawali/Try/gspc-res/build_dir/CMakeFiles/CMakeScratch/TryCompile-ZayNB9'
gmake: *** [Makefile:127: cmTC_9d59a/fast] Error 2


Source file was:
int main() { return 0; }

Performing C++ SOURCE FILE Test CXX_COMPILER_SUPPORTS__Wextra_semi_stmt failed with the following output:
Change Dir: /scratch/gnawali/Try/gspc-res/build_dir/CMakeFiles/CMakeScratch/TryCompile-pYaVZX

Run Build Command(s):/usr/bin/gmake -f Makefile cmTC_95393/fast && /usr/bin/gmake  -f CMakeFiles/cmTC_95393.dir/build.make CMakeFiles/cmTC_95393.dir/build
gmake[1]: Entering directory '/scratch/gnawali/Try/gspc-res/build_dir/CMakeFiles/CMakeScratch/TryCompile-pYaVZX'
Building CXX object CMakeFiles/cmTC_95393.dir/src.cxx.o
/usr/bin/c++ -DCXX_COMPILER_SUPPORTS__Wextra_semi_stmt  -Wall -Wextra -Werror    -Wextra-semi-stmt -std=gnu++17 -o CMakeFiles/cmTC_95393.dir/src.cxx.o -c /scratch/gnawali/Try/gspc-res/build_dir/CMakeFiles/CMakeScratch/TryCompile-pYaVZX/src.cxx
c++: error: unrecognized command-line option '-Wextra-semi-stmt'; did you mean '-Wextra-semi'?
gmake[1]: *** [CMakeFiles/cmTC_95393.dir/build.make:78: CMakeFiles/cmTC_95393.dir/src.cxx.o] Error 1
gmake[1]: Leaving directory '/scratch/gnawali/Try/gspc-res/build_dir/CMakeFiles/CMakeScratch/TryCompile-pYaVZX'
gmake: *** [Makefile:127: cmTC_95393/fast] Error 2


Source file was:
int main() { return 0; }

